Release 14.1 - xst P.15xf (nt64)
Copyright (c) 1995-2012 Xilinx, Inc.  All rights reserved.
--> Parameter TMPDIR set to xst/projnav.tmp


Total REAL time to Xst completion: 0.00 secs
Total CPU time to Xst completion: 0.13 secs
 
--> Parameter xsthdpdir set to xst


Total REAL time to Xst completion: 0.00 secs
Total CPU time to Xst completion: 0.14 secs
 
--> Reading design: rams_2p.prj

TABLE OF CONTENTS
  1) Synthesis Options Summary
  2) HDL Compilation
  3) Design Hierarchy Analysis
  4) HDL Analysis
  5) HDL Synthesis
     5.1) HDL Synthesis Report
  6) Advanced HDL Synthesis
     6.1) Advanced HDL Synthesis Report
  7) Low Level Synthesis
  8) Partition Report
  9) Final Report
	9.1) Device utilization summary
	9.2) Partition Resource Summary
	9.3) TIMING REPORT


=========================================================================
*                      Synthesis Options Summary                        *
=========================================================================
---- Source Parameters
Input File Name                    : "rams_2p.prj"
Input Format                       : mixed
Ignore Synthesis Constraint File   : NO

---- Target Parameters
Output File Name                   : "rams_2p"
Output Format                      : NGC
Target Device                      : xc3s1000-5-ft256

---- Source Options
Top Module Name                    : rams_2p
Automatic FSM Extraction           : YES
FSM Encoding Algorithm             : Auto
Safe Implementation                : No
FSM Style                          : LUT
RAM Extraction                     : Yes
RAM Style                          : Auto
ROM Extraction                     : Yes
Mux Style                          : Auto
Decoder Extraction                 : YES
Priority Encoder Extraction        : Yes
Shift Register Extraction          : YES
Logical Shifter Extraction         : YES
XOR Collapsing                     : YES
ROM Style                          : Auto
Mux Extraction                     : Yes
Resource Sharing                   : YES
Asynchronous To Synchronous        : NO
Multiplier Style                   : Auto
Automatic Register Balancing       : No

---- Target Options
Add IO Buffers                     : YES
Global Maximum Fanout              : 100000
Add Generic Clock Buffer(BUFG)     : 8
Register Duplication               : YES
Slice Packing                      : YES
Optimize Instantiated Primitives   : NO
Use Clock Enable                   : Yes
Use Synchronous Set                : Yes
Use Synchronous Reset              : Yes
Pack IO Registers into IOBs        : Auto
Equivalent register Removal        : YES

---- General Options
Optimization Goal                  : Speed
Optimization Effort                : 1
Keep Hierarchy                     : No
Netlist Hierarchy                  : As_Optimized
RTL Output                         : Yes
Global Optimization                : AllClockNets
Read Cores                         : YES
Write Timing Constraints           : NO
Cross Clock Analysis               : NO
Hierarchy Separator                : /
Bus Delimiter                      : <>
Case Specifier                     : Maintain
Slice Utilization Ratio            : 100
BRAM Utilization Ratio             : 100
Verilog 2001                       : YES
Auto BRAM Packing                  : NO
Slice Utilization Ratio Delta      : 5

=========================================================================


=========================================================================
*                          HDL Compilation                              *
=========================================================================
Compiling vhdl file "C:/hlocal/toc/Practica6/practica6kike/mem_2.vhd" in Library work.
Entity <ram> compiled.
ERROR:HDLParsers:3010 - "C:/hlocal/toc/Practica6/practica6kike/mem_2.vhd" Line 29. Entity rams_2p does not exist.
ERROR:HDLParsers:3312 - "C:/hlocal/toc/Practica6/practica6kike/mem_2.vhd" Line 30. Undefined symbol 'std_logic_vector'.
ERROR:HDLParsers:1209 - "C:/hlocal/toc/Practica6/practica6kike/mem_2.vhd" Line 30. std_logic_vector: Undefined symbol (last report in this block)
ERROR:HDLParsers:3312 - "C:/hlocal/toc/Practica6/practica6kike/mem_2.vhd" Line 31. Undefined symbol 'ram_type'.
ERROR:HDLParsers:1209 - "C:/hlocal/toc/Practica6/practica6kike/mem_2.vhd" Line 31. ram_type: Undefined symbol (last report in this block)
ERROR:HDLParsers:3285 - "C:/hlocal/toc/Practica6/practica6kike/mem_2.vhd" Line 31. No array or record type can be found that has elements of types matching the aggregate.
ERROR:HDLParsers:3312 - "C:/hlocal/toc/Practica6/practica6kike/mem_2.vhd" Line 38. Undefined symbol 'clk'.
ERROR:HDLParsers:1209 - "C:/hlocal/toc/Practica6/practica6kike/mem_2.vhd" Line 38. clk: Undefined symbol (last report in this block)
ERROR:HDLParsers:3312 - "C:/hlocal/toc/Practica6/practica6kike/mem_2.vhd" Line 40. Undefined symbol 'rising_edge'.
ERROR:HDLParsers:1209 - "C:/hlocal/toc/Practica6/practica6kike/mem_2.vhd" Line 40. rising_edge: Undefined symbol (last report in this block)
ERROR:HDLParsers:3313 - "C:/hlocal/toc/Practica6/practica6kike/mem_2.vhd" Line 41. Undefined symbol 'do'.  Should it be: to or so?
ERROR:HDLParsers:3313 - "C:/hlocal/toc/Practica6/practica6kike/mem_2.vhd" Line 41. Undefined symbol 'RAM'.  Should it be: ReM?
ERROR:HDLParsers:1209 - "C:/hlocal/toc/Practica6/practica6kike/mem_2.vhd" Line 41. RAM: Undefined symbol (last report in this block)
ERROR:HDLParsers:3312 - "C:/hlocal/toc/Practica6/practica6kike/mem_2.vhd" Line 41. Undefined symbol 'conv_integer'.
ERROR:HDLParsers:1209 - "C:/hlocal/toc/Practica6/practica6kike/mem_2.vhd" Line 41. conv_integer: Undefined symbol (last report in this block)
ERROR:HDLParsers:3312 - "C:/hlocal/toc/Practica6/practica6kike/mem_2.vhd" Line 41. Undefined symbol 'addr'.
ERROR:HDLParsers:1209 - "C:/hlocal/toc/Practica6/practica6kike/mem_2.vhd" Line 41. addr: Undefined symbol (last report in this block)
WARNING:HDLParsers:1406 - "C:/hlocal/toc/Practica6/practica6kike/mem_2.vhd" Line 38. No sensitivity list and no wait in the process
--> 

Total memory usage is 240948 kilobytes

Number of errors   :   17 (   0 filtered)
Number of warnings :    1 (   0 filtered)
Number of infos    :    0 (   0 filtered)

