Running: C:\software\electronica\xilinx\14.1\ISE_DS\ISE\bin\nt64\unwrapped\fuse.exe -intstyle ise -incremental -o C:/hlocal/toc/Practica3/Pr3/test1_isim_beh.exe -prj C:/hlocal/toc/Practica3/Pr3/test1_beh.prj work.test1 
ISim P.15xf (signature 0xc3576ebc)
Number of CPUs detected in this system: 8
Turning on mult-threading, number of parallel sub-compilation jobs: 16 
Determining compilation order of HDL files
Parsing VHDL file "C:/hlocal/toc/Practica3/Pr3/multiplicador.vhd" into library work
Parsing VHDL file "C:/hlocal/toc/Practica3/Pr3/test1.vhd" into library work
Starting static elaboration
WARNING:HDLCompiler:89 - "C:/hlocal/toc/Practica3/Pr3/multiplicador.vhd" Line 76: <celda> remains a black-box since it has no binding entity.
WARNING:HDLCompiler:89 - "C:/hlocal/toc/Practica3/Pr3/multiplicador.vhd" Line 81: <celda> remains a black-box since it has no binding entity.
WARNING:HDLCompiler:89 - "C:/hlocal/toc/Practica3/Pr3/multiplicador.vhd" Line 84: <celda> remains a black-box since it has no binding entity.
Completed static elaboration
WARNING:Simulator:648 - "C:/hlocal/toc/Practica3/Pr3/multiplicador.vhd" Line 76. Instance celda is unbound
WARNING:Simulator:648 - "C:/hlocal/toc/Practica3/Pr3/multiplicador.vhd" Line 76. Instance celda is unbound
WARNING:Simulator:648 - "C:/hlocal/toc/Practica3/Pr3/multiplicador.vhd" Line 76. Instance celda is unbound
WARNING:Simulator:648 - "C:/hlocal/toc/Practica3/Pr3/multiplicador.vhd" Line 76. Instance celda is unbound
WARNING:Simulator:648 - "C:/hlocal/toc/Practica3/Pr3/multiplicador.vhd" Line 76. Instance celda is unbound
WARNING:Simulator:648 - "C:/hlocal/toc/Practica3/Pr3/multiplicador.vhd" Line 76. Instance celda is unbound
WARNING:Simulator:648 - "C:/hlocal/toc/Practica3/Pr3/multiplicador.vhd" Line 76. Instance celda is unbound
WARNING:Simulator:648 - "C:/hlocal/toc/Practica3/Pr3/multiplicador.vhd" Line 76. Instance celda is unbound
WARNING:Simulator:648 - "C:/hlocal/toc/Practica3/Pr3/multiplicador.vhd" Line 76. Instance celda is unbound
WARNING:Simulator:648 - "C:/hlocal/toc/Practica3/Pr3/multiplicador.vhd" Line 76. Instance celda is unbound
WARNING:Simulator:648 - "C:/hlocal/toc/Practica3/Pr3/multiplicador.vhd" Line 76. Instance celda is unbound
WARNING:Simulator:648 - "C:/hlocal/toc/Practica3/Pr3/multiplicador.vhd" Line 76. Instance celda is unbound
WARNING:Simulator:648 - "C:/hlocal/toc/Practica3/Pr3/multiplicador.vhd" Line 76. Instance celda is unbound
WARNING:Simulator:648 - "C:/hlocal/toc/Practica3/Pr3/multiplicador.vhd" Line 76. Instance celda is unbound
WARNING:Simulator:648 - "C:/hlocal/toc/Practica3/Pr3/multiplicador.vhd" Line 76. Instance celda is unbound
WARNING:Simulator:648 - "C:/hlocal/toc/Practica3/Pr3/multiplicador.vhd" Line 76. Instance celda is unbound
WARNING:Simulator:648 - "C:/hlocal/toc/Practica3/Pr3/multiplicador.vhd" Line 76. Instance celda is unbound
WARNING:Simulator:648 - "C:/hlocal/toc/Practica3/Pr3/multiplicador.vhd" Line 76. Instance celda is unbound
WARNING:Simulator:648 - "C:/hlocal/toc/Practica3/Pr3/multiplicador.vhd" Line 76. Instance celda is unbound
WARNING:Simulator:648 - "C:/hlocal/toc/Practica3/Pr3/multiplicador.vhd" Line 76. Instance celda is unbound
WARNING:Simulator:648 - "C:/hlocal/toc/Practica3/Pr3/multiplicador.vhd" Line 76. Instance celda is unbound
WARNING:Simulator:648 - "C:/hlocal/toc/Practica3/Pr3/multiplicador.vhd" Line 76. Instance celda is unbound
WARNING:Simulator:648 - "C:/hlocal/toc/Practica3/Pr3/multiplicador.vhd" Line 76. Instance celda is unbound
WARNING:Simulator:648 - "C:/hlocal/toc/Practica3/Pr3/multiplicador.vhd" Line 76. Instance celda is unbound
WARNING:Simulator:648 - "C:/hlocal/toc/Practica3/Pr3/multiplicador.vhd" Line 76. Instance celda is unbound
WARNING:Simulator:648 - "C:/hlocal/toc/Practica3/Pr3/multiplicador.vhd" Line 76. Instance celda is unbound
WARNING:Simulator:648 - "C:/hlocal/toc/Practica3/Pr3/multiplicador.vhd" Line 76. Instance celda is unbound
WARNING:Simulator:648 - "C:/hlocal/toc/Practica3/Pr3/multiplicador.vhd" Line 76. Instance celda is unbound
WARNING:Simulator:648 - "C:/hlocal/toc/Practica3/Pr3/multiplicador.vhd" Line 76. Instance celda is unbound
WARNING:Simulator:648 - "C:/hlocal/toc/Practica3/Pr3/multiplicador.vhd" Line 76. Instance celda is unbound
WARNING:Simulator:648 - "C:/hlocal/toc/Practica3/Pr3/multiplicador.vhd" Line 76. Instance celda is unbound
WARNING:Simulator:648 - "C:/hlocal/toc/Practica3/Pr3/multiplicador.vhd" Line 76. Instance celda is unbound
WARNING:Simulator:648 - "C:/hlocal/toc/Practica3/Pr3/multiplicador.vhd" Line 76. Instance celda is unbound
WARNING:Simulator:648 - "C:/hlocal/toc/Practica3/Pr3/multiplicador.vhd" Line 76. Instance celda is unbound
WARNING:Simulator:648 - "C:/hlocal/toc/Practica3/Pr3/multiplicador.vhd" Line 76. Instance celda is unbound
WARNING:Simulator:648 - "C:/hlocal/toc/Practica3/Pr3/multiplicador.vhd" Line 76. Instance celda is unbound
WARNING:Simulator:648 - "C:/hlocal/toc/Practica3/Pr3/multiplicador.vhd" Line 81. Instance celda is unbound
WARNING:Simulator:648 - "C:/hlocal/toc/Practica3/Pr3/multiplicador.vhd" Line 81. Instance celda is unbound
WARNING:Simulator:648 - "C:/hlocal/toc/Practica3/Pr3/multiplicador.vhd" Line 81. Instance celda is unbound
WARNING:Simulator:648 - "C:/hlocal/toc/Practica3/Pr3/multiplicador.vhd" Line 81. Instance celda is unbound
WARNING:Simulator:648 - "C:/hlocal/toc/Practica3/Pr3/multiplicador.vhd" Line 81. Instance celda is unbound
WARNING:Simulator:648 - "C:/hlocal/toc/Practica3/Pr3/multiplicador.vhd" Line 81. Instance celda is unbound
WARNING:Simulator:648 - "C:/hlocal/toc/Practica3/Pr3/multiplicador.vhd" Line 81. Instance celda is unbound
WARNING:Simulator:648 - "C:/hlocal/toc/Practica3/Pr3/multiplicador.vhd" Line 81. Instance celda is unbound
WARNING:Simulator:648 - "C:/hlocal/toc/Practica3/Pr3/multiplicador.vhd" Line 84. Instance celda is unbound
Compiling package standard
Compiling package std_logic_1164
Compiling architecture behavioral of entity multiplicador [\multiplicador(5)\]
Compiling architecture behavior of entity test1
Time Resolution for simulation is 1ps.
Compiled 5 VHDL Units
Built simulation executable C:/hlocal/toc/Practica3/Pr3/test1_isim_beh.exe
Fuse Memory Usage: 29792 KB
Fuse CPU Usage: 374 ms
