ISim log file
Running: C:\hlocal\toc-practicas\Practica6\practica6\tb_practica6_2_isim_beh.exe -intstyle ise -gui -tclbatch isim.cmd -wdb C:/hlocal/toc-practicas/Practica6/practica6/tb_practica6_2_isim_beh.wdb 
ISim P.15xf (signature 0xc3576ebc)
----------------------------------------------------------------------
INFO:Security:50 - The XILINXD_LICENSE_FILE environment variable is set to 'C:\software\electronica\xilinx\14.1\ISE_DS\common\licenses\xilinx.lic'.
INFO:Security:52 - The LM_LICENSE_FILE environment variable is set to '1717@licencias.fdi.ucm.es;2100@licencias.fdi.ucm.es'.
WARNING:Security:43 - No license file was found in the standard Xilinx license directory.
WARNING:Security:44 - Since no license file was found,
       please run the Xilinx License Configuration Manager
       (xlcm or "Manage Xilinx Licenses")
       to assist in obtaining a license.
WARNING:Security:42 - Your software subscription period has lapsed. Your current version of Xilinx tools will continue to function, but you no longer qualify for Xilinx software updates or new releases.


----------------------------------------------------------------------
This is a Full version of ISim.
Time resolution is 1 ps
# onerror resume
# wave add /
# run 1000 ns
Simulator is doing circuit initialization process.
at 0 ps, Instance /tb_practica6_2/i_put/KEYS/ : Warning: There is an 'U'|'X'|'W'|'Z'|'-' in an arithmetic operand, the result will be 'X'(es).
at 0 ps, Instance /tb_practica6_2/i_put/KEYS/ : Warning: CONV_INTEGER: There is an 'U'|'X'|'W'|'Z'|'-' in an arithmetic operand, and it has been converted to 0.
Finished circuit initialization process.
at 265 ns: Error: Error en la ordenacion
at 285 ns: Error: Error en la ordenacion
at 295 ns: Error: Error en la ordenacion
at 305 ns: Error: Error en la ordenacion
at 315 ns: Error: Error en la ordenacion
at 325 ns: Error: Error en la ordenacion
at 335 ns: Error: Error en la ordenacion
at 345 ns: Error: Error en la ordenacion
at 355 ns: Error: Error en la ordenacion
at 365 ns: Error: Error en la ordenacion
at 375 ns: Error: Error en la ordenacion
at 385 ns: Error: Error en la ordenacion
at 395 ns: Error: Error en la ordenacion
at 405 ns: Error: Error en la ordenacion
at 415 ns: Error: Error en la ordenacion
at 425 ns: Error: Error en la ordenacion
at 435 ns: Error: Error en la ordenacion
at 445 ns: Error: Error en la ordenacion
at 455 ns: Error: Error en la ordenacion
at 465 ns: Error: Error en la ordenacion
at 475 ns: Error: Error en la ordenacion
at 485 ns: Error: Error en la ordenacion
at 495 ns: Error: Error en la ordenacion
at 505 ns: Error: Error en la ordenacion
at 515 ns: Error: Error en la ordenacion
at 525 ns: Error: Error en la ordenacion
at 535 ns: Error: Error en la ordenacion
at 545 ns: Error: Error en la ordenacion
at 555 ns: Error: Error en la ordenacion
at 565 ns: Error: Error en la ordenacion
at 575 ns: Error: Error en la ordenacion
ISim P.15xf (signature 0xc3576ebc)
----------------------------------------------------------------------
INFO:Security:50 - The XILINXD_LICENSE_FILE environment variable is set to 'C:\software\electronica\xilinx\14.1\ISE_DS\common\licenses\xilinx.lic'.
INFO:Security:52 - The LM_LICENSE_FILE environment variable is set to '1717@licencias.fdi.ucm.es;2100@licencias.fdi.ucm.es'.
WARNING:Security:43 - No license file was found in the standard Xilinx license directory.
WARNING:Security:44 - Since no license file was found,
       please run the Xilinx License Configuration Manager
       (xlcm or "Manage Xilinx Licenses")
       to assist in obtaining a license.
WARNING:Security:42 - Your software subscription period has lapsed. Your current version of Xilinx tools will continue to function, but you no longer qualify for Xilinx software updates or new releases.


----------------------------------------------------------------------
This is a Full version of ISim.
# run 1000 ns
Simulator is doing circuit initialization process.
at 0 ps, Instance /tb_practica6_2/i_put/KEYS/ : Warning: There is an 'U'|'X'|'W'|'Z'|'-' in an arithmetic operand, the result will be 'X'(es).
at 0 ps, Instance /tb_practica6_2/i_put/KEYS/ : Warning: CONV_INTEGER: There is an 'U'|'X'|'W'|'Z'|'-' in an arithmetic operand, and it has been converted to 0.
Finished circuit initialization process.
at 265 ns: Error: Error en la ordenacion
at 285 ns: Error: Error en la ordenacion
at 295 ns: Error: Error en la ordenacion
at 305 ns: Error: Error en la ordenacion
at 315 ns: Error: Error en la ordenacion
at 325 ns: Error: Error en la ordenacion
at 335 ns: Error: Error en la ordenacion
at 345 ns: Error: Error en la ordenacion
at 355 ns: Error: Error en la ordenacion
at 365 ns: Error: Error en la ordenacion
at 375 ns: Error: Error en la ordenacion
at 385 ns: Error: Error en la ordenacion
at 395 ns: Error: Error en la ordenacion
at 405 ns: Error: Error en la ordenacion
at 415 ns: Error: Error en la ordenacion
at 425 ns: Error: Error en la ordenacion
at 435 ns: Error: Error en la ordenacion
at 445 ns: Error: Error en la ordenacion
at 455 ns: Error: Error en la ordenacion
at 465 ns: Error: Error en la ordenacion
at 475 ns: Error: Error en la ordenacion
at 485 ns: Error: Error en la ordenacion
at 495 ns: Error: Error en la ordenacion
at 505 ns: Error: Error en la ordenacion
at 515 ns: Error: Error en la ordenacion
at 525 ns: Error: Error en la ordenacion
at 535 ns: Error: Error en la ordenacion
at 545 ns: Error: Error en la ordenacion
at 555 ns: Error: Error en la ordenacion
at 565 ns: Error: Error en la ordenacion
at 575 ns: Error: Error en la ordenacion
