Release 14.1 - xst P.15xf (nt64)
Copyright (c) 1995-2012 Xilinx, Inc.  All rights reserved.
--> Parameter TMPDIR set to xst/projnav.tmp


Total REAL time to Xst completion: 0.00 secs
Total CPU time to Xst completion: 0.07 secs
 
--> Parameter xsthdpdir set to xst


Total REAL time to Xst completion: 0.00 secs
Total CPU time to Xst completion: 0.07 secs
 
--> Reading design: munyeca.prj

TABLE OF CONTENTS
  1) Synthesis Options Summary
  2) HDL Compilation
  3) Design Hierarchy Analysis
  4) HDL Analysis
  5) HDL Synthesis
     5.1) HDL Synthesis Report
  6) Advanced HDL Synthesis
     6.1) Advanced HDL Synthesis Report
  7) Low Level Synthesis
  8) Partition Report
  9) Final Report
	9.1) Device utilization summary
	9.2) Partition Resource Summary
	9.3) TIMING REPORT


=========================================================================
*                      Synthesis Options Summary                        *
=========================================================================
---- Source Parameters
Input File Name                    : "munyeca.prj"
Input Format                       : mixed
Ignore Synthesis Constraint File   : NO

---- Target Parameters
Output File Name                   : "munyeca"
Output Format                      : NGC
Target Device                      : xc3s1000-5-ft256

---- Source Options
Top Module Name                    : munyeca
Automatic FSM Extraction           : YES
FSM Encoding Algorithm             : Auto
Safe Implementation                : No
FSM Style                          : LUT
RAM Extraction                     : Yes
RAM Style                          : Auto
ROM Extraction                     : Yes
Mux Style                          : Auto
Decoder Extraction                 : YES
Priority Encoder Extraction        : Yes
Shift Register Extraction          : YES
Logical Shifter Extraction         : YES
XOR Collapsing                     : YES
ROM Style                          : Auto
Mux Extraction                     : Yes
Resource Sharing                   : YES
Asynchronous To Synchronous        : NO
Multiplier Style                   : Auto
Automatic Register Balancing       : No

---- Target Options
Add IO Buffers                     : YES
Global Maximum Fanout              : 500
Add Generic Clock Buffer(BUFG)     : 8
Register Duplication               : YES
Slice Packing                      : YES
Optimize Instantiated Primitives   : NO
Use Clock Enable                   : Yes
Use Synchronous Set                : Yes
Use Synchronous Reset              : Yes
Pack IO Registers into IOBs        : Auto
Equivalent register Removal        : YES

---- General Options
Optimization Goal                  : Speed
Optimization Effort                : 1
Keep Hierarchy                     : No
Netlist Hierarchy                  : As_Optimized
RTL Output                         : Yes
Global Optimization                : AllClockNets
Read Cores                         : YES
Write Timing Constraints           : NO
Cross Clock Analysis               : NO
Hierarchy Separator                : /
Bus Delimiter                      : <>
Case Specifier                     : Maintain
Slice Utilization Ratio            : 100
BRAM Utilization Ratio             : 100
Verilog 2001                       : YES
Auto BRAM Packing                  : NO
Slice Utilization Ratio Delta      : 5

=========================================================================


=========================================================================
*                          HDL Compilation                              *
=========================================================================
Compiling vhdl file "C:/hlocal/TOC/contador_v3.vhd" in Library work.
Architecture behavioral of Entity contador is up to date.
Compiling vhdl file "C:/hlocal/TOC/Practica2/munyeca.vhd" in Library work.
Architecture behavioral of Entity munyeca is up to date.

=========================================================================
*                     Design Hierarchy Analysis                         *
=========================================================================
Analyzing hierarchy for entity <munyeca> in library <work> (architecture <behavioral>).

Analyzing hierarchy for entity <contador> in library <work> (architecture <behavioral>).


=========================================================================
*                            HDL Analysis                               *
=========================================================================
Analyzing Entity <munyeca> in library <work> (Architecture <behavioral>).
Entity <munyeca> analyzed. Unit <munyeca> generated.

Analyzing Entity <contador> in library <work> (Architecture <behavioral>).
Entity <contador> analyzed. Unit <contador> generated.


=========================================================================
*                           HDL Synthesis                               *
=========================================================================

Performing bidirectional port resolution...

Synthesizing Unit <contador>.
    Related source file is "C:/hlocal/TOC/contador_v3.vhd".
    Found 4-bit up counter for signal <cuenta_reg>.
    Summary:
	inferred   1 Counter(s).
Unit <contador> synthesized.


Synthesizing Unit <munyeca>.
    Related source file is "C:/hlocal/TOC/Practica2/munyeca.vhd".
    Found finite state machine <FSM_0> for signal <estado_actual>.
    -----------------------------------------------------------------------
    | States             | 4                                              |
    | Transitions        | 12                                             |
    | Inputs             | 3                                              |
    | Outputs            | 3                                              |
    | Clock              | clk                       (rising_edge)        |
    | Reset              | rst                       (positive)           |
    | Reset type         | asynchronous                                   |
    | Reset State        | tranquila                                      |
    | Power Up State     | tranquila                                      |
    | Encoding           | automatic                                      |
    | Implementation     | LUT                                            |
    -----------------------------------------------------------------------
    Summary:
	inferred   1 Finite State Machine(s).
Unit <munyeca> synthesized.


=========================================================================
HDL Synthesis Report

Macro Statistics
# Counters                                             : 1
 4-bit up counter                                      : 1

=========================================================================

=========================================================================
*                       Advanced HDL Synthesis                          *
=========================================================================

Analyzing FSM <FSM_0> for best encoding.
Optimizing FSM <estado_actual/FSM> on signal <estado_actual[1:2]> with sequential encoding.
-----------------------
 State     | Encoding
-----------------------
 tranquila | 00
 asustada  | 11
 dormida   | 10
 habla     | 01
-----------------------

=========================================================================
Advanced HDL Synthesis Report

Macro Statistics
# FSMs                                                 : 1
# Counters                                             : 1
 4-bit up counter                                      : 1

=========================================================================

=========================================================================
*                         Low Level Synthesis                           *
=========================================================================

Optimizing unit <munyeca> ...

Mapping all equations...
Building and optimizing final netlist ...
Found area constraint ratio of 100 (+ 5) on block munyeca, actual ratio is 0.

Final Macro Processing ...

=========================================================================
Final Register Report

Macro Statistics
# Registers                                            : 6
 Flip-Flops                                            : 6

=========================================================================

=========================================================================
*                           Partition Report                            *
=========================================================================

Partition Implementation Status
-------------------------------

  No Partitions were found in this design.

-------------------------------

=========================================================================
*                            Final Report                               *
=========================================================================
Final Results
RTL Top Level Output File Name     : munyeca.ngr
Top Level Output File Name         : munyeca
Output Format                      : NGC
Optimization Goal                  : Speed
Keep Hierarchy                     : No

Design Statistics
# IOs                              : 6

Cell Usage :
# BELS                             : 15
#      INV                         : 1
#      LUT2                        : 5
#      LUT2_L                      : 1
#      LUT3                        : 2
#      LUT4                        : 5
#      MUXF5                       : 1
# FlipFlops/Latches                : 6
#      FDC                         : 6
# Clock Buffers                    : 1
#      BUFGP                       : 1
# IO Buffers                       : 5
#      IBUF                        : 3
#      OBUF                        : 2
=========================================================================

Device utilization summary:
---------------------------

Selected Device : 3s1000ft256-5 

 Number of Slices:                        7  out of   7680     0%  
 Number of Slice Flip Flops:              6  out of  15360     0%  
 Number of 4 input LUTs:                 14  out of  15360     0%  
 Number of IOs:                           6
 Number of bonded IOBs:                   6  out of    173     3%  
 Number of GCLKs:                         1  out of      8    12%  

---------------------------
Partition Resource Summary:
---------------------------

  No Partitions were found in this design.

---------------------------


=========================================================================
TIMING REPORT

NOTE: THESE TIMING NUMBERS ARE ONLY A SYNTHESIS ESTIMATE.
      FOR ACCURATE TIMING INFORMATION PLEASE REFER TO THE TRACE REPORT
      GENERATED AFTER PLACE-and-ROUTE.

Clock Information:
------------------
-----------------------------------+------------------------+-------+
Clock Signal                       | Clock buffer(FF name)  | Load  |
-----------------------------------+------------------------+-------+
reloj                              | BUFGP                  | 6     |
-----------------------------------+------------------------+-------+

Asynchronous Control Signals Information:
----------------------------------------
--------------------------------------+--------------------------+-------+
Control Signal                        | Buffer(FF name)          | Load  |
--------------------------------------+--------------------------+-------+
reset_meter(estado_actual_FSM_Out21:O)| NONE(contar/cuenta_reg_0)| 4     |
rst                                   | IBUF                     | 2     |
--------------------------------------+--------------------------+-------+

Timing Summary:
---------------
Speed Grade: -5

   Minimum period: 3.868ns (Maximum Frequency: 258.505MHz)
   Minimum input arrival time before clock: 3.945ns
   Maximum output required time after clock: 7.896ns
   Maximum combinational path delay: No path found

Timing Detail:
--------------
All values displayed in nanoseconds (ns)

=========================================================================
Timing constraint: Default period analysis for Clock 'reloj'
  Clock period: 3.868ns (frequency: 258.505MHz)
  Total number of paths / destination ports: 23 / 6
-------------------------------------------------------------------------
Delay:               3.868ns (Levels of Logic = 3)
  Source:            estado_actual_FSM_FFd1 (FF)
  Destination:       estado_actual_FSM_FFd1 (FF)
  Source Clock:      reloj rising
  Destination Clock: reloj rising

  Data Path: estado_actual_FSM_FFd1 to estado_actual_FSM_FFd1
                                Gate     Net
    Cell:in->out      fanout   Delay   Delay  Logical Name (Net Name)
    ----------------------------------------  ------------
     FDC:C->Q              8   0.626   1.091  estado_actual_FSM_FFd1 (estado_actual_FSM_FFd1)
     LUT2:I1->O            1   0.479   0.000  estado_actual_FSM_FFd1-In12_SW0_G (N7)
     MUXF5:I1->O           1   0.314   0.704  estado_actual_FSM_FFd1-In12_SW0 (N3)
     LUT4:I3->O            1   0.479   0.000  estado_actual_FSM_FFd1-In43 (estado_actual_FSM_FFd1-In)
     FDC:D                     0.176          estado_actual_FSM_FFd1
    ----------------------------------------
    Total                      3.868ns (2.074ns logic, 1.794ns route)
                                       (53.6% logic, 46.4% route)

=========================================================================
Timing constraint: Default OFFSET IN BEFORE for Clock 'reloj'
  Total number of paths / destination ports: 7 / 2
-------------------------------------------------------------------------
Offset:              3.945ns (Levels of Logic = 4)
  Source:            R (PAD)
  Destination:       estado_actual_FSM_FFd1 (FF)
  Destination Clock: reloj rising

  Data Path: R to estado_actual_FSM_FFd1
                                Gate     Net
    Cell:in->out      fanout   Delay   Delay  Logical Name (Net Name)
    ----------------------------------------  ------------
     IBUF:I->O             5   0.715   1.078  R_IBUF (R_IBUF)
     LUT4:I0->O            1   0.479   0.000  estado_actual_FSM_FFd1-In12_SW0_F (N6)
     MUXF5:I0->O           1   0.314   0.704  estado_actual_FSM_FFd1-In12_SW0 (N3)
     LUT4:I3->O            1   0.479   0.000  estado_actual_FSM_FFd1-In43 (estado_actual_FSM_FFd1-In)
     FDC:D                     0.176          estado_actual_FSM_FFd1
    ----------------------------------------
    Total                      3.945ns (2.163ns logic, 1.782ns route)
                                       (54.8% logic, 45.2% route)

=========================================================================
Timing constraint: Default OFFSET OUT AFTER for Clock 'reloj'
  Total number of paths / destination ports: 4 / 2
-------------------------------------------------------------------------
Offset:              7.896ns (Levels of Logic = 2)
  Source:            estado_actual_FSM_FFd2 (FF)
  Destination:       G (PAD)
  Source Clock:      reloj rising

  Data Path: estado_actual_FSM_FFd2 to G
                                Gate     Net
    Cell:in->out      fanout   Delay   Delay  Logical Name (Net Name)
    ----------------------------------------  ------------
     FDC:C->Q              7   0.626   1.201  estado_actual_FSM_FFd2 (estado_actual_FSM_FFd2)
     LUT2:I0->O            1   0.479   0.681  estado_actual_FSM_Out11 (L_OBUF)
     OBUF:I->O                 4.909          L_OBUF (L)
    ----------------------------------------
    Total                      7.896ns (6.014ns logic, 1.882ns route)
                                       (76.2% logic, 23.8% route)

=========================================================================


Total REAL time to Xst completion: 4.00 secs
Total CPU time to Xst completion: 3.96 secs
 
--> 

Total memory usage is 254104 kilobytes

Number of errors   :    0 (   0 filtered)
Number of warnings :    0 (   0 filtered)
Number of infos    :    0 (   0 filtered)

