Running: C:\software\electronica\xilinx\14.1\ISE_DS\ISE\bin\nt64\unwrapped\fuse.exe -intstyle ise -incremental -o C:/hlocal/tocpracticas/Practica4/prueba1_isim_beh.exe -prj C:/hlocal/tocpracticas/Practica4/prueba1_beh.prj work.prueba1 
ISim P.15xf (signature 0xc3576ebc)
Number of CPUs detected in this system: 8
Turning on mult-threading, number of parallel sub-compilation jobs: 16 
Determining compilation order of HDL files
Parsing VHDL file "C:/hlocal/tocpracticas/Practica4/maquina_divisor.vhd" into library work
Parsing VHDL file "C:/hlocal/tocpracticas/Practica4/prueba1.vhd" into library work
Starting static elaboration
Completed static elaboration
Compiling package standard
Compiling package std_logic_1164
Compiling package std_logic_arith
Compiling package std_logic_unsigned
Compiling architecture behavioral of entity maquina_divisor [\maquina_divisor(16,8)\]
Compiling architecture behavior of entity prueba1
Time Resolution for simulation is 1ps.
Waiting for 1 sub-compilation(s) to finish...
Compiled 7 VHDL Units
Built simulation executable C:/hlocal/tocpracticas/Practica4/prueba1_isim_beh.exe
Fuse Memory Usage: 33792 KB
Fuse CPU Usage: 358 ms
