--------------------------------------------------------------------------------
Release 14.1 Trace  (nt64)
Copyright (c) 1995-2012 Xilinx, Inc.  All rights reserved.

C:\Xilinx\14.1\ISE_DS\ISE\bin\nt64\unwrapped\trce.exe -intstyle ise -v 3 -s 5
-n 3 -fastpaths -xml multiplicador.twx multiplicador.ncd -o multiplicador.twr
multiplicador.pcf

Design file:              multiplicador.ncd
Physical constraint file: multiplicador.pcf
Device,package,speed:     xc3s1000,ft256,-5 (PRODUCTION 1.39 2012-04-23)
Report level:             verbose report

Environment Variable      Effect 
--------------------      ------ 
NONE                      No environment variables were set
--------------------------------------------------------------------------------

INFO:Timing:2698 - No timing constraints found, doing default enumeration.
INFO:Timing:3412 - To improve timing, see the Timing Closure User Guide (UG612).
INFO:Timing:2752 - To get complete path coverage, use the unconstrained paths 
   option. All paths that are not constrained will be reported in the 
   unconstrained paths section(s) of the report.
INFO:Timing:3339 - The clock-to-out numbers in this timing report are based on 
   a 50 Ohm transmission line loading model.  For the details of this model, 
   and for more information on accounting for different loading conditions, 
   please see the device datasheet.
INFO:Timing:3390 - This architecture does not support a default System Jitter 
   value, please add SYSTEM_JITTER constraint to the UCF to modify the Clock 
   Uncertainty calculation.
INFO:Timing:3389 - This architecture does not support 'Discrete Jitter' and 
   'Phase Error' calculations, these terms will be zero in the Clock 
   Uncertainty calculation.  Please make appropriate modification to 
   SYSTEM_JITTER to account for the unsupported Discrete Jitter and Phase 
   Error.



Data Sheet report:
-----------------
All values displayed in nanoseconds (ns)

Pad to Pad
---------------+---------------+---------+
Source Pad     |Destination Pad|  Delay  |
---------------+---------------+---------+
a<0>           |p<0>           |    6.831|
a<0>           |p<1>           |    6.916|
a<0>           |p<2>           |    8.292|
a<0>           |p<3>           |    9.462|
a<0>           |p<4>           |    9.101|
a<0>           |p<5>           |    9.251|
a<1>           |p<1>           |    7.189|
a<1>           |p<2>           |    7.918|
a<1>           |p<3>           |    8.794|
a<1>           |p<4>           |    9.019|
a<1>           |p<5>           |    8.953|
a<2>           |p<2>           |    7.616|
a<2>           |p<3>           |    8.483|
a<2>           |p<4>           |    8.521|
a<2>           |p<5>           |    8.734|
x<0>           |p<0>           |    6.755|
x<0>           |p<1>           |    7.463|
x<0>           |p<2>           |    8.643|
x<0>           |p<3>           |    9.510|
x<0>           |p<4>           |    9.259|
x<0>           |p<5>           |    9.472|
x<1>           |p<1>           |    7.297|
x<1>           |p<2>           |    8.356|
x<1>           |p<3>           |    9.223|
x<1>           |p<4>           |    9.025|
x<1>           |p<5>           |    9.158|
x<2>           |p<2>           |    8.585|
x<2>           |p<3>           |    9.755|
x<2>           |p<4>           |    9.394|
x<2>           |p<5>           |    9.544|
---------------+---------------+---------+


Analysis completed Sat Nov 09 16:24:06 2013 
--------------------------------------------------------------------------------

Trace Settings:
-------------------------
Trace Settings 

Peak Memory Usage: 167 MB



